{
  "stats": {
    "suites": 1,
    "tests": 3,
    "passes": 2,
    "pending": 0,
    "failures": 1,
    "start": "2022-11-17T12:27:21.568Z",
    "end": "2022-11-17T12:27:53.639Z",
    "duration": 32071,
    "testsRegistered": 3,
    "passPercent": 66.66666666666666,
    "pendingPercent": 0,
    "other": 0,
    "hasOther": false,
    "skipped": 0,
    "hasSkipped": false
  },
  "results": [
    {
      "uuid": "2fd5dfdb-56ba-446a-87e2-64129bae252b",
      "title": "",
      "fullFile": "E:\\Project\\KTPM\\Rapchieuphim-Selenium-Webdriver\\PhamNgocAn\\rapchieuphim.comment.spec.js",
      "file": "\\PhamNgocAn\\rapchieuphim.comment.spec.js",
      "beforeHooks": [],
      "afterHooks": [],
      "tests": [],
      "suites": [
        {
          "uuid": "9cb46e01-5fae-45f2-b50c-a7abada507c5",
          "title": "Kiểm tra trường nội dung bình luận",
          "fullFile": "E:\\Project\\KTPM\\Rapchieuphim-Selenium-Webdriver\\PhamNgocAn\\rapchieuphim.comment.spec.js",
          "file": "\\PhamNgocAn\\rapchieuphim.comment.spec.js",
          "beforeHooks": [],
          "afterHooks": [],
          "tests": [
            {
              "title": "T12 Bình luận - Nội dung bình luận không được để trống",
              "fullTitle": "Kiểm tra trường nội dung bình luận T12 Bình luận - Nội dung bình luận không được để trống",
              "timedOut": null,
              "duration": 10246,
              "state": "passed",
              "speed": "slow",
              "pass": true,
              "fail": false,
              "pending": false,
              "context": null,
              "code": "fieldMessage(\"\", \"Nội dung bình luận xin đừng để trống\")",
              "err": {},
              "uuid": "2a1c9d74-a4a7-4f91-a701-eb0145752f6c",
              "parentUUID": null,
              "isHook": false,
              "skipped": false
            },
            {
              "title": "T13 Bình luận - Nội dung không được chèn link",
              "fullTitle": "Kiểm tra trường nội dung bình luận T13 Bình luận - Nội dung không được chèn link",
              "timedOut": null,
              "duration": 10289,
              "state": "passed",
              "speed": "slow",
              "pass": true,
              "fail": false,
              "pending": false,
              "context": null,
              "code": "fieldMessage(\"https://rapchieuphim.com/phim/one-piece-film-red\", \"Nội dung bình luận không được chèn link\")",
              "err": {},
              "uuid": "d9b56c1a-88c6-440f-bcb1-b53786c0c073",
              "parentUUID": null,
              "isHook": false,
              "skipped": false
            },
            {
              "title": "T14 Bình luận - Không được nhập các thẻ đặc biệt",
              "fullTitle": "Kiểm tra trường nội dung bình luận T14 Bình luận - Không được nhập các thẻ đặc biệt",
              "timedOut": null,
              "duration": 11210,
              "state": "failed",
              "speed": null,
              "pass": false,
              "fail": true,
              "pending": false,
              "context": null,
              "code": "fieldMessage(\"<?php> echo 'Hello';?>\", \"Không được nhập các thẻ đặc biệt\")",
              "err": {
                "message": "TimeoutError: Waiting for element to be located By(xpath, //div[@class=\"alert alert-danger\"]/p)\nWait timed out after 3046ms",
                "estack": "TimeoutError: Waiting for element to be located By(xpath, //div[@class=\"alert alert-danger\"]/p)\nWait timed out after 3046ms\n    at E:\\Project\\KTPM\\Rapchieuphim-Selenium-Webdriver\\node_modules\\selenium-webdriver\\lib\\webdriver.js:906:17\n    at processTicksAndRejections (node:internal/process/task_queues:96:5)",
                "diff": null
              },
              "uuid": "65ca5a68-46ed-45e9-884d-46ea30808b93",
              "parentUUID": null,
              "isHook": false,
              "skipped": false
            }
          ],
          "suites": [],
          "passes": [
            "2a1c9d74-a4a7-4f91-a701-eb0145752f6c",
            "d9b56c1a-88c6-440f-bcb1-b53786c0c073"
          ],
          "failures": [
            "65ca5a68-46ed-45e9-884d-46ea30808b93"
          ],
          "pending": [],
          "skipped": [],
          "duration": 31745,
          "root": false,
          "rootEmpty": false,
          "_timeout": null
        }
      ],
      "passes": [],
      "failures": [],
      "pending": [],
      "skipped": [],
      "duration": 0,
      "root": true,
      "rootEmpty": true,
      "_timeout": 0
    }
  ],
  "meta": {
    "mocha": {
      "version": "10.1.0"
    },
    "mochawesome": {
      "options": {
        "quiet": false,
        "reportFilename": "mochawesome",
        "saveHtml": true,
        "saveJson": true,
        "consoleReporter": "spec",
        "useInlineDiffs": false,
        "code": true
      },
      "version": "7.1.3"
    },
    "marge": {
      "options": null,
      "version": "6.2.0"
    }
  }
}